0 info it worked if it ends with ok
1 verbose cli [ '/usr/local/bin/node',
1 verbose cli   '/usr/local/bin/npm',
1 verbose cli   'version',
1 verbose cli   'patch' ]
2 info using npm@3.10.10
3 info using node@v6.11.5
4 info git [ 'status', '--porcelain' ]
5 verbose stack Error: Git working directory not clean.
5 verbose stack M node_modules/activedirectory2/package.json
5 verbose stack M node_modules/moment/CHANGELOG.md
5 verbose stack M node_modules/moment/locale/es-us.js
5 verbose stack M node_modules/moment/locale/hu.js
5 verbose stack M node_modules/moment/min/locales.js
5 verbose stack M node_modules/moment/min/locales.min.js
5 verbose stack M node_modules/moment/min/moment-with-locales.js
5 verbose stack M node_modules/moment/min/moment-with-locales.min.js
5 verbose stack M node_modules/moment/min/moment.min.js
5 verbose stack M node_modules/moment/moment.js
5 verbose stack M node_modules/moment/package.json
5 verbose stack M node_modules/moment/src/lib/parse/regex.js
5 verbose stack M node_modules/moment/src/locale/es-us.js
5 verbose stack M node_modules/moment/src/moment.js
5 verbose stack M package.json
5 verbose stack     at /usr/local/lib/node_modules/npm/lib/version.js:247:19
5 verbose stack     at /usr/local/lib/node_modules/npm/lib/utils/no-progress-while-running.js:21:8
5 verbose stack     at ChildProcess.exithandler (child_process.js:189:7)
5 verbose stack     at emitTwo (events.js:106:13)
5 verbose stack     at ChildProcess.emit (events.js:191:7)
5 verbose stack     at maybeClose (internal/child_process.js:920:16)
5 verbose stack     at Socket.<anonymous> (internal/child_process.js:351:11)
5 verbose stack     at emitOne (events.js:96:13)
5 verbose stack     at Socket.emit (events.js:188:7)
5 verbose stack     at Pipe._handle.close [as _onclose] (net.js:497:12)
6 verbose cwd /Users/noe/Box Sync/Node-RED/node-red-contrib-activedirectory
7 error Darwin 17.2.0
8 error argv "/usr/local/bin/node" "/usr/local/bin/npm" "version" "patch"
9 error node v6.11.5
10 error npm  v3.10.10
11 error Git working directory not clean.
11 error M node_modules/activedirectory2/package.json
11 error M node_modules/moment/CHANGELOG.md
11 error M node_modules/moment/locale/es-us.js
11 error M node_modules/moment/locale/hu.js
11 error M node_modules/moment/min/locales.js
11 error M node_modules/moment/min/locales.min.js
11 error M node_modules/moment/min/moment-with-locales.js
11 error M node_modules/moment/min/moment-with-locales.min.js
11 error M node_modules/moment/min/moment.min.js
11 error M node_modules/moment/moment.js
11 error M node_modules/moment/package.json
11 error M node_modules/moment/src/lib/parse/regex.js
11 error M node_modules/moment/src/locale/es-us.js
11 error M node_modules/moment/src/moment.js
11 error M package.json
12 error If you need help, you may report this error at:
12 error     <https://github.com/npm/npm/issues>
13 verbose exit [ 1, true ]
